Analysis & Synthesis report for MSSD
Fri May 03 23:08:26 2024
Quartus Prime Version 20.1.0 Build 711 06/05/2020 SJ Lite Edition


---------------------
; Table of Contents ;
---------------------
  1. Legal Notice
  2. Analysis & Synthesis Summary
  3. Analysis & Synthesis Settings
  4. Parallel Compilation
  5. Analysis & Synthesis Source Files Read
  6. Analysis & Synthesis Resource Usage Summary
  7. Analysis & Synthesis Resource Utilization by Entity
  8. State Machine - |MSSD|controller:CU|pstate
  9. State Machine - |MSSD|datapath:DP|Onepulser:onepulser|pstate
 10. Registers Removed During Synthesis
 11. General Register Statistics
 12. Inverted Register Statistics
 13. Multiplexer Restructuring Statistics (Restructuring Performed)
 14. Parameter Settings for User Entity Instance: datapath:DP|Onepulser:onepulser
 15. Parameter Settings for User Entity Instance: controller:CU
 16. Post-Synthesis Netlist Statistics for Top Partition
 17. Elapsed Time Per Partition
 18. Analysis & Synthesis Messages



----------------
; Legal Notice ;
----------------
Copyright (C) 2020  Intel Corporation. All rights reserved.
Your use of Intel Corporation's design tools, logic functions 
and other software and tools, and any partner logic 
functions, and any output files from any of the foregoing 
(including device programming or simulation files), and any 
associated documentation or information are expressly subject 
to the terms and conditions of the Intel Program License 
Subscription Agreement, the Intel Quartus Prime License Agreement,
the Intel FPGA IP License Agreement, or other applicable license
agreement, including, without limitation, that your use is for
the sole purpose of programming logic devices manufactured by
Intel and sold by Intel or its authorized distributors.  Please
refer to the applicable agreement for further details, at
https://fpgasoftware.intel.com/eula.



+----------------------------------------------------------------------------------+
; Analysis & Synthesis Summary                                                     ;
+------------------------------------+---------------------------------------------+
; Analysis & Synthesis Status        ; Successful - Fri May 03 23:08:26 2024       ;
; Quartus Prime Version              ; 20.1.0 Build 711 06/05/2020 SJ Lite Edition ;
; Revision Name                      ; MSSD                                        ;
; Top-level Entity Name              ; MSSD                                        ;
; Family                             ; Cyclone IV E                                ;
; Total logic elements               ; 40                                          ;
;     Total combinational functions  ; 34                                          ;
;     Dedicated logic registers      ; 20                                          ;
; Total registers                    ; 20                                          ;
; Total pins                         ; 17                                          ;
; Total virtual pins                 ; 0                                           ;
; Total memory bits                  ; 0                                           ;
; Embedded Multiplier 9-bit elements ; 0                                           ;
; Total PLLs                         ; 0                                           ;
+------------------------------------+---------------------------------------------+


+------------------------------------------------------------------------------------------------------------+
; Analysis & Synthesis Settings                                                                              ;
+------------------------------------------------------------------+--------------------+--------------------+
; Option                                                           ; Setting            ; Default Value      ;
+------------------------------------------------------------------+--------------------+--------------------+
; Device                                                           ; EP4CE6E22A7        ;                    ;
; Top-level entity name                                            ; MSSD               ; MSSD               ;
; Family name                                                      ; Cyclone IV E       ; Cyclone V          ;
; Use smart compilation                                            ; Off                ; Off                ;
; Enable parallel Assembler and Timing Analyzer during compilation ; On                 ; On                 ;
; Enable compact report table                                      ; Off                ; Off                ;
; Restructure Multiplexers                                         ; Auto               ; Auto               ;
; Create Debugging Nodes for IP Cores                              ; Off                ; Off                ;
; Preserve fewer node names                                        ; On                 ; On                 ;
; Intel FPGA IP Evaluation Mode                                    ; Enable             ; Enable             ;
; Verilog Version                                                  ; Verilog_2001       ; Verilog_2001       ;
; VHDL Version                                                     ; VHDL_1993          ; VHDL_1993          ;
; State Machine Processing                                         ; Auto               ; Auto               ;
; Safe State Machine                                               ; Off                ; Off                ;
; Extract Verilog State Machines                                   ; On                 ; On                 ;
; Extract VHDL State Machines                                      ; On                 ; On                 ;
; Ignore Verilog initial constructs                                ; Off                ; Off                ;
; Iteration limit for constant Verilog loops                       ; 5000               ; 5000               ;
; Iteration limit for non-constant Verilog loops                   ; 250                ; 250                ;
; Add Pass-Through Logic to Inferred RAMs                          ; On                 ; On                 ;
; Infer RAMs from Raw Logic                                        ; On                 ; On                 ;
; Parallel Synthesis                                               ; On                 ; On                 ;
; DSP Block Balancing                                              ; Auto               ; Auto               ;
; NOT Gate Push-Back                                               ; On                 ; On                 ;
; Power-Up Don't Care                                              ; On                 ; On                 ;
; Remove Redundant Logic Cells                                     ; Off                ; Off                ;
; Remove Duplicate Registers                                       ; On                 ; On                 ;
; Ignore CARRY Buffers                                             ; Off                ; Off                ;
; Ignore CASCADE Buffers                                           ; Off                ; Off                ;
; Ignore GLOBAL Buffers                                            ; Off                ; Off                ;
; Ignore ROW GLOBAL Buffers                                        ; Off                ; Off                ;
; Ignore LCELL Buffers                                             ; Off                ; Off                ;
; Ignore SOFT Buffers                                              ; On                 ; On                 ;
; Limit AHDL Integers to 32 Bits                                   ; Off                ; Off                ;
; Optimization Technique                                           ; Balanced           ; Balanced           ;
; Carry Chain Length                                               ; 70                 ; 70                 ;
; Auto Carry Chains                                                ; On                 ; On                 ;
; Auto Open-Drain Pins                                             ; On                 ; On                 ;
; Perform WYSIWYG Primitive Resynthesis                            ; Off                ; Off                ;
; Auto ROM Replacement                                             ; On                 ; On                 ;
; Auto RAM Replacement                                             ; On                 ; On                 ;
; Auto DSP Block Replacement                                       ; On                 ; On                 ;
; Auto Shift Register Replacement                                  ; Auto               ; Auto               ;
; Allow Shift Register Merging across Hierarchies                  ; Auto               ; Auto               ;
; Auto Clock Enable Replacement                                    ; On                 ; On                 ;
; Strict RAM Replacement                                           ; Off                ; Off                ;
; Allow Synchronous Control Signals                                ; On                 ; On                 ;
; Force Use of Synchronous Clear Signals                           ; Off                ; Off                ;
; Auto RAM Block Balancing                                         ; On                 ; On                 ;
; Auto RAM to Logic Cell Conversion                                ; Off                ; Off                ;
; Auto Resource Sharing                                            ; Off                ; Off                ;
; Allow Any RAM Size For Recognition                               ; Off                ; Off                ;
; Allow Any ROM Size For Recognition                               ; Off                ; Off                ;
; Allow Any Shift Register Size For Recognition                    ; Off                ; Off                ;
; Use LogicLock Constraints during Resource Balancing              ; On                 ; On                 ;
; Ignore translate_off and synthesis_off directives                ; Off                ; Off                ;
; Timing-Driven Synthesis                                          ; On                 ; On                 ;
; Report Parameter Settings                                        ; On                 ; On                 ;
; Report Source Assignments                                        ; On                 ; On                 ;
; Report Connectivity Checks                                       ; On                 ; On                 ;
; Ignore Maximum Fan-Out Assignments                               ; Off                ; Off                ;
; Synchronization Register Chain Length                            ; 2                  ; 2                  ;
; Power Optimization During Synthesis                              ; Normal compilation ; Normal compilation ;
; HDL message level                                                ; Level2             ; Level2             ;
; Suppress Register Optimization Related Messages                  ; Off                ; Off                ;
; Number of Removed Registers Reported in Synthesis Report         ; 5000               ; 5000               ;
; Number of Swept Nodes Reported in Synthesis Report               ; 5000               ; 5000               ;
; Number of Inverted Registers Reported in Synthesis Report        ; 100                ; 100                ;
; Clock MUX Protection                                             ; On                 ; On                 ;
; Auto Gated Clock Conversion                                      ; Off                ; Off                ;
; Block Design Naming                                              ; Auto               ; Auto               ;
; SDC constraint protection                                        ; Off                ; Off                ;
; Synthesis Effort                                                 ; Auto               ; Auto               ;
; Shift Register Replacement - Allow Asynchronous Clear Signal     ; On                 ; On                 ;
; Pre-Mapping Resynthesis Optimization                             ; Off                ; Off                ;
; Analysis & Synthesis Message Level                               ; Medium             ; Medium             ;
; Disable Register Merging Across Hierarchies                      ; Auto               ; Auto               ;
; Resource Aware Inference For Block RAM                           ; On                 ; On                 ;
+------------------------------------------------------------------+--------------------+--------------------+


+------------------------------------------+
; Parallel Compilation                     ;
+----------------------------+-------------+
; Processors                 ; Number      ;
+----------------------------+-------------+
; Number detected on machine ; 20          ;
; Maximum allowed            ; 14          ;
;                            ;             ;
; Average used               ; 1.00        ;
; Maximum used               ; 14          ;
;                            ;             ;
; Usage by Processor         ; % Time Used ;
;     Processor 1            ; 100.0%      ;
;     Processors 2-14        ;   0.0%      ;
+----------------------------+-------------+


+------------------------------------------------------------------------------------------------------------------------------------------------------------+
; Analysis & Synthesis Source Files Read                                                                                                                     ;
+----------------------------------+-----------------+------------------------+--------------------------------------------------------------------+---------+
; File Name with User-Entered Path ; Used in Netlist ; File Type              ; File Name with Absolute Path                                       ; Library ;
+----------------------------------+-----------------+------------------------+--------------------------------------------------------------------+---------+
; SSD.v                            ; yes             ; User Verilog HDL File  ; G:/University/Term 4/Lab Madman/2/Quartus/SSD.v                    ;         ;
; shift_register_4bit.v            ; yes             ; User Verilog HDL File  ; G:/University/Term 4/Lab Madman/2/Quartus/shift_register_4bit.v    ;         ;
; shift_register_2bit.v            ; yes             ; User Verilog HDL File  ; G:/University/Term 4/Lab Madman/2/Quartus/shift_register_2bit.v    ;         ;
; Onepulser.v                      ; yes             ; User Verilog HDL File  ; G:/University/Term 4/Lab Madman/2/Quartus/Onepulser.v              ;         ;
; MSSD.v                           ; yes             ; User Verilog HDL File  ; G:/University/Term 4/Lab Madman/2/Quartus/MSSD.v                   ;         ;
; Demux_1to4.v                     ; yes             ; User Verilog HDL File  ; G:/University/Term 4/Lab Madman/2/Quartus/Demux_1to4.v             ;         ;
; datapath.v                       ; yes             ; User Verilog HDL File  ; G:/University/Term 4/Lab Madman/2/Quartus/datapath.v               ;         ;
; counter_4bit_with_load.v         ; yes             ; User Verilog HDL File  ; G:/University/Term 4/Lab Madman/2/Quartus/counter_4bit_with_load.v ;         ;
; counter_2bit.v                   ; yes             ; User Verilog HDL File  ; G:/University/Term 4/Lab Madman/2/Quartus/counter_2bit.v           ;         ;
; counter_1bit.v                   ; yes             ; User Verilog HDL File  ; G:/University/Term 4/Lab Madman/2/Quartus/counter_1bit.v           ;         ;
; controller.v                     ; yes             ; User Verilog HDL File  ; G:/University/Term 4/Lab Madman/2/Quartus/controller.v             ;         ;
+----------------------------------+-----------------+------------------------+--------------------------------------------------------------------+---------+


+-----------------------------------------------------------+
; Analysis & Synthesis Resource Usage Summary               ;
+---------------------------------------------+-------------+
; Resource                                    ; Usage       ;
+---------------------------------------------+-------------+
; Estimated Total logic elements              ; 40          ;
;                                             ;             ;
; Total combinational functions               ; 34          ;
; Logic element usage by number of LUT inputs ;             ;
;     -- 4 input functions                    ; 16          ;
;     -- 3 input functions                    ; 12          ;
;     -- <=2 input functions                  ; 6           ;
;                                             ;             ;
; Logic elements by mode                      ;             ;
;     -- normal mode                          ; 34          ;
;     -- arithmetic mode                      ; 0           ;
;                                             ;             ;
; Total registers                             ; 20          ;
;     -- Dedicated logic registers            ; 20          ;
;     -- I/O registers                        ; 0           ;
;                                             ;             ;
; I/O pins                                    ; 17          ;
;                                             ;             ;
; Embedded Multiplier 9-bit elements          ; 0           ;
;                                             ;             ;
; Maximum fan-out node                        ; clock~input ;
; Maximum fan-out                             ; 20          ;
; Total fan-out                               ; 216         ;
; Average fan-out                             ; 2.45        ;
+---------------------------------------------+-------------+


+--------------------------------------------------------------------------------------------------------------------------------------------------------------------------------------------------------------------------------------------------------------------------+
; Analysis & Synthesis Resource Utilization by Entity                                                                                                                                                                                                                      ;
+----------------------------------------------+---------------------+---------------------------+-------------+--------------+---------+-----------+------+--------------+--------------------------------------------------------+------------------------+--------------+
; Compilation Hierarchy Node                   ; Combinational ALUTs ; Dedicated Logic Registers ; Memory Bits ; DSP Elements ; DSP 9x9 ; DSP 18x18 ; Pins ; Virtual Pins ; Full Hierarchy Name                                    ; Entity Name            ; Library Name ;
+----------------------------------------------+---------------------+---------------------------+-------------+--------------+---------+-----------+------+--------------+--------------------------------------------------------+------------------------+--------------+
; |MSSD                                        ; 34 (0)              ; 20 (0)                    ; 0           ; 0            ; 0       ; 0         ; 17   ; 0            ; |MSSD                                                  ; MSSD                   ; work         ;
;    |controller:CU|                           ; 7 (7)               ; 4 (4)                     ; 0           ; 0            ; 0       ; 0         ; 0    ; 0            ; |MSSD|controller:CU                                    ; controller             ; work         ;
;    |datapath:DP|                             ; 27 (0)              ; 16 (0)                    ; 0           ; 0            ; 0       ; 0         ; 0    ; 0            ; |MSSD|datapath:DP                                      ; datapath               ; work         ;
;       |Demux_1to4:Demux|                     ; 4 (4)               ; 0 (0)                     ; 0           ; 0            ; 0       ; 0         ; 0    ; 0            ; |MSSD|datapath:DP|Demux_1to4:Demux                     ; Demux_1to4             ; work         ;
;       |Onepulser:onepulser|                  ; 2 (2)               ; 2 (2)                     ; 0           ; 0            ; 0       ; 0         ; 0    ; 0            ; |MSSD|datapath:DP|Onepulser:onepulser                  ; Onepulser              ; work         ;
;       |SSD:ssd|                              ; 7 (7)               ; 0 (0)                     ; 0           ; 0            ; 0       ; 0         ; 0    ; 0            ; |MSSD|datapath:DP|SSD:ssd                              ; SSD                    ; work         ;
;       |counter_1bit:Port_cnt|                ; 1 (1)               ; 1 (1)                     ; 0           ; 0            ; 0       ; 0         ; 0    ; 0            ; |MSSD|datapath:DP|counter_1bit:Port_cnt                ; counter_1bit           ; work         ;
;       |counter_2bit:DataNum_cnt|             ; 5 (5)               ; 3 (3)                     ; 0           ; 0            ; 0       ; 0         ; 0    ; 0            ; |MSSD|datapath:DP|counter_2bit:DataNum_cnt             ; counter_2bit           ; work         ;
;       |counter_4bit_with_load:DataTrans_cnt| ; 7 (7)               ; 4 (4)                     ; 0           ; 0            ; 0       ; 0         ; 0    ; 0            ; |MSSD|datapath:DP|counter_4bit_with_load:DataTrans_cnt ; counter_4bit_with_load ; work         ;
;       |shift_register_2bit:PortNum_shr|      ; 1 (1)               ; 2 (2)                     ; 0           ; 0            ; 0       ; 0         ; 0    ; 0            ; |MSSD|datapath:DP|shift_register_2bit:PortNum_shr      ; shift_register_2bit    ; work         ;
;       |shift_register_4bit:DataNum_shr|      ; 0 (0)               ; 4 (4)                     ; 0           ; 0            ; 0       ; 0         ; 0    ; 0            ; |MSSD|datapath:DP|shift_register_4bit:DataNum_shr      ; shift_register_4bit    ; work         ;
+----------------------------------------------+---------------------+---------------------------+-------------+--------------+---------+-----------+------+--------------+--------------------------------------------------------+------------------------+--------------+
Note: For table entries with two numbers listed, the numbers in parentheses indicate the number of resources of the given type used by the specific entity alone. The numbers listed outside of parentheses indicate the total resources of the given type used by the specific entity and all of its sub-entities in the hierarchy.


Encoding Type:  One-Hot
+------------------------------------------------------------+
; State Machine - |MSSD|controller:CU|pstate                 ;
+-------------+----------+----------+----------+-------------+
; Name        ; pstate.C ; pstate.B ; pstate.A ; pstate.Init ;
+-------------+----------+----------+----------+-------------+
; pstate.Init ; 0        ; 0        ; 0        ; 0           ;
; pstate.A    ; 0        ; 0        ; 1        ; 1           ;
; pstate.B    ; 0        ; 1        ; 0        ; 1           ;
; pstate.C    ; 1        ; 0        ; 0        ; 1           ;
+-------------+----------+----------+----------+-------------+


Encoding Type:  One-Hot
+--------------------------------------------------------------+
; State Machine - |MSSD|datapath:DP|Onepulser:onepulser|pstate ;
+----------+----------+----------+-----------------------------+
; Name     ; pstate.A ; pstate.C ; pstate.B                    ;
+----------+----------+----------+-----------------------------+
; pstate.A ; 0        ; 0        ; 0                           ;
; pstate.B ; 1        ; 0        ; 1                           ;
; pstate.C ; 1        ; 1        ; 0                           ;
+----------+----------+----------+-----------------------------+


+---------------------------------------------------------------+
; Registers Removed During Synthesis                            ;
+------------------------------------------+--------------------+
; Register name                            ; Reason for Removal ;
+------------------------------------------+--------------------+
; controller:CU|pstate~6                   ; Lost fanout        ;
; controller:CU|pstate~7                   ; Lost fanout        ;
; datapath:DP|Onepulser:onepulser|pstate.C ; Lost fanout        ;
; Total Number of Removed Registers = 3    ;                    ;
+------------------------------------------+--------------------+


+------------------------------------------------------+
; General Register Statistics                          ;
+----------------------------------------------+-------+
; Statistic                                    ; Value ;
+----------------------------------------------+-------+
; Total registers                              ; 20    ;
; Number of registers using Synchronous Clear  ; 0     ;
; Number of registers using Synchronous Load   ; 0     ;
; Number of registers using Asynchronous Clear ; 20    ;
; Number of registers using Asynchronous Load  ; 0     ;
; Number of registers using Clock Enable       ; 16    ;
; Number of registers using Preset             ; 0     ;
+----------------------------------------------+-------+


+---------------------------------------------------------------------+
; Inverted Register Statistics                                        ;
+-----------------------------------------------------------+---------+
; Inverted Register                                         ; Fan out ;
+-----------------------------------------------------------+---------+
; datapath:DP|counter_4bit_with_load:DataTrans_cnt|count[3] ; 9       ;
; datapath:DP|counter_4bit_with_load:DataTrans_cnt|count[2] ; 10      ;
; datapath:DP|counter_4bit_with_load:DataTrans_cnt|count[1] ; 11      ;
; datapath:DP|counter_4bit_with_load:DataTrans_cnt|count[0] ; 12      ;
; Total number of inverted registers = 4                    ;         ;
+-----------------------------------------------------------+---------+


+-------------------------------------------------------------------------------------------------------------------------------------------------------------------------------+
; Multiplexer Restructuring Statistics (Restructuring Performed)                                                                                                                ;
+--------------------+-----------+---------------+----------------------+------------------------+------------+-----------------------------------------------------------------+
; Multiplexer Inputs ; Bus Width ; Baseline Area ; Area if Restructured ; Saving if Restructured ; Registered ; Example Multiplexer Output                                      ;
+--------------------+-----------+---------------+----------------------+------------------------+------------+-----------------------------------------------------------------+
; 3:1                ; 4 bits    ; 8 LEs         ; 4 LEs                ; 4 LEs                  ; Yes        ; |MSSD|datapath:DP|counter_4bit_with_load:DataTrans_cnt|count[0] ;
+--------------------+-----------+---------------+----------------------+------------------------+------------+-----------------------------------------------------------------+


+------------------------------------------------------------------------------+
; Parameter Settings for User Entity Instance: datapath:DP|Onepulser:onepulser ;
+----------------+-------+-----------------------------------------------------+
; Parameter Name ; Value ; Type                                                ;
+----------------+-------+-----------------------------------------------------+
; A              ; 00    ; Unsigned Binary                                     ;
; B              ; 01    ; Unsigned Binary                                     ;
; C              ; 10    ; Unsigned Binary                                     ;
+----------------+-------+-----------------------------------------------------+
Note: In order to hide this table in the UI and the text report file, please set the "Show Parameter Settings in Synthesis Report" option in "Analysis and Synthesis Settings -> More Settings" to "Off".


+------------------------------------------------------------+
; Parameter Settings for User Entity Instance: controller:CU ;
+----------------+-------+-----------------------------------+
; Parameter Name ; Value ; Type                              ;
+----------------+-------+-----------------------------------+
; Init           ; 00    ; Unsigned Binary                   ;
; A              ; 01    ; Unsigned Binary                   ;
; B              ; 10    ; Unsigned Binary                   ;
; C              ; 11    ; Unsigned Binary                   ;
+----------------+-------+-----------------------------------+
Note: In order to hide this table in the UI and the text report file, please set the "Show Parameter Settings in Synthesis Report" option in "Analysis and Synthesis Settings -> More Settings" to "Off".


+-----------------------------------------------------+
; Post-Synthesis Netlist Statistics for Top Partition ;
+-----------------------+-----------------------------+
; Type                  ; Count                       ;
+-----------------------+-----------------------------+
; boundary_port         ; 17                          ;
; cycloneiii_ff         ; 20                          ;
;     CLR               ; 4                           ;
;     ENA CLR           ; 16                          ;
; cycloneiii_lcell_comb ; 35                          ;
;     normal            ; 35                          ;
;         1 data inputs ; 3                           ;
;         2 data inputs ; 4                           ;
;         3 data inputs ; 12                          ;
;         4 data inputs ; 16                          ;
;                       ;                             ;
; Max LUT depth         ; 2.00                        ;
; Average LUT depth     ; 1.47                        ;
+-----------------------+-----------------------------+


+-------------------------------+
; Elapsed Time Per Partition    ;
+----------------+--------------+
; Partition Name ; Elapsed Time ;
+----------------+--------------+
; Top            ; 00:00:00     ;
+----------------+--------------+


+-------------------------------+
; Analysis & Synthesis Messages ;
+-------------------------------+
Info: *******************************************************************
Info: Running Quartus Prime Analysis & Synthesis
    Info: Version 20.1.0 Build 711 06/05/2020 SJ Lite Edition
    Info: Processing started: Fri May 03 23:08:20 2024
Info: Command: quartus_map --read_settings_files=on --write_settings_files=off MSSD -c MSSD
Warning (18236): Number of processors has not been specified which may cause overloading on shared machines.  Set the global assignment NUM_PARALLEL_PROCESSORS in your QSF to an appropriate value for best performance.
Info (20030): Parallel compilation is enabled and will use 14 of the 14 processors detected
Info (12021): Found 1 design units, including 1 entities, in source file ssd.v
    Info (12023): Found entity 1: SSD File: G:/University/Term 4/Lab Madman/2/Quartus/SSD.v Line: 1
Info (12021): Found 1 design units, including 1 entities, in source file shift_register_4bit.v
    Info (12023): Found entity 1: shift_register_4bit File: G:/University/Term 4/Lab Madman/2/Quartus/shift_register_4bit.v Line: 1
Info (12021): Found 1 design units, including 1 entities, in source file shift_register_2bit.v
    Info (12023): Found entity 1: shift_register_2bit File: G:/University/Term 4/Lab Madman/2/Quartus/shift_register_2bit.v Line: 1
Info (12021): Found 1 design units, including 1 entities, in source file onepulser.v
    Info (12023): Found entity 1: Onepulser File: G:/University/Term 4/Lab Madman/2/Quartus/Onepulser.v Line: 1
Info (12021): Found 1 design units, including 1 entities, in source file mssd.v
    Info (12023): Found entity 1: MSSD File: G:/University/Term 4/Lab Madman/2/Quartus/MSSD.v Line: 1
Info (12021): Found 1 design units, including 1 entities, in source file demux_1to4.v
    Info (12023): Found entity 1: Demux_1to4 File: G:/University/Term 4/Lab Madman/2/Quartus/Demux_1to4.v Line: 1
Info (12021): Found 1 design units, including 1 entities, in source file datapath.v
    Info (12023): Found entity 1: datapath File: G:/University/Term 4/Lab Madman/2/Quartus/datapath.v Line: 1
Info (12021): Found 1 design units, including 1 entities, in source file counter_4bit_with_load.v
    Info (12023): Found entity 1: counter_4bit_with_load File: G:/University/Term 4/Lab Madman/2/Quartus/counter_4bit_with_load.v Line: 1
Info (12021): Found 1 design units, including 1 entities, in source file counter_2bit.v
    Info (12023): Found entity 1: counter_2bit File: G:/University/Term 4/Lab Madman/2/Quartus/counter_2bit.v Line: 1
Info (12021): Found 1 design units, including 1 entities, in source file counter_1bit.v
    Info (12023): Found entity 1: counter_1bit File: G:/University/Term 4/Lab Madman/2/Quartus/counter_1bit.v Line: 1
Info (12021): Found 1 design units, including 1 entities, in source file controller.v
    Info (12023): Found entity 1: controller File: G:/University/Term 4/Lab Madman/2/Quartus/controller.v Line: 1
Info (12127): Elaborating entity "MSSD" for the top level hierarchy
Info (12128): Elaborating entity "datapath" for hierarchy "datapath:DP" File: G:/University/Term 4/Lab Madman/2/Quartus/MSSD.v Line: 9
Info (12128): Elaborating entity "shift_register_2bit" for hierarchy "datapath:DP|shift_register_2bit:PortNum_shr" File: G:/University/Term 4/Lab Madman/2/Quartus/datapath.v Line: 12
Info (12128): Elaborating entity "counter_1bit" for hierarchy "datapath:DP|counter_1bit:Port_cnt" File: G:/University/Term 4/Lab Madman/2/Quartus/datapath.v Line: 14
Warning (10230): Verilog HDL assignment warning at counter_1bit.v(14): truncated value with size 32 to match size of target (1) File: G:/University/Term 4/Lab Madman/2/Quartus/counter_1bit.v Line: 14
Info (12128): Elaborating entity "shift_register_4bit" for hierarchy "datapath:DP|shift_register_4bit:DataNum_shr" File: G:/University/Term 4/Lab Madman/2/Quartus/datapath.v Line: 16
Info (12128): Elaborating entity "counter_2bit" for hierarchy "datapath:DP|counter_2bit:DataNum_cnt" File: G:/University/Term 4/Lab Madman/2/Quartus/datapath.v Line: 18
Warning (10230): Verilog HDL assignment warning at counter_2bit.v(12): truncated value with size 32 to match size of target (3) File: G:/University/Term 4/Lab Madman/2/Quartus/counter_2bit.v Line: 12
Info (12128): Elaborating entity "counter_4bit_with_load" for hierarchy "datapath:DP|counter_4bit_with_load:DataTrans_cnt" File: G:/University/Term 4/Lab Madman/2/Quartus/datapath.v Line: 20
Warning (10230): Verilog HDL assignment warning at counter_4bit_with_load.v(16): truncated value with size 32 to match size of target (4) File: G:/University/Term 4/Lab Madman/2/Quartus/counter_4bit_with_load.v Line: 16
Info (12128): Elaborating entity "SSD" for hierarchy "datapath:DP|SSD:ssd" File: G:/University/Term 4/Lab Madman/2/Quartus/datapath.v Line: 22
Info (12128): Elaborating entity "Onepulser" for hierarchy "datapath:DP|Onepulser:onepulser" File: G:/University/Term 4/Lab Madman/2/Quartus/datapath.v Line: 24
Warning (10270): Verilog HDL Case Statement warning at Onepulser.v(29): incomplete case statement has no default case item File: G:/University/Term 4/Lab Madman/2/Quartus/Onepulser.v Line: 29
Info (12128): Elaborating entity "Demux_1to4" for hierarchy "datapath:DP|Demux_1to4:Demux" File: G:/University/Term 4/Lab Madman/2/Quartus/datapath.v Line: 26
Warning (10235): Verilog HDL Always Construct warning at Demux_1to4.v(8): variable "port_num" is read inside the Always Construct but isn't in the Always Construct's Event Control File: G:/University/Term 4/Lab Madman/2/Quartus/Demux_1to4.v Line: 8
Info (12128): Elaborating entity "controller" for hierarchy "controller:CU" File: G:/University/Term 4/Lab Madman/2/Quartus/MSSD.v Line: 11
Warning (10235): Verilog HDL Always Construct warning at controller.v(36): variable "co1" is read inside the Always Construct but isn't in the Always Construct's Event Control File: G:/University/Term 4/Lab Madman/2/Quartus/controller.v Line: 36
Warning (10235): Verilog HDL Always Construct warning at controller.v(37): variable "co1" is read inside the Always Construct but isn't in the Always Construct's Event Control File: G:/University/Term 4/Lab Madman/2/Quartus/controller.v Line: 37
Warning (10235): Verilog HDL Always Construct warning at controller.v(43): variable "co2" is read inside the Always Construct but isn't in the Always Construct's Event Control File: G:/University/Term 4/Lab Madman/2/Quartus/controller.v Line: 43
Warning (10235): Verilog HDL Always Construct warning at controller.v(44): variable "co2" is read inside the Always Construct but isn't in the Always Construct's Event Control File: G:/University/Term 4/Lab Madman/2/Quartus/controller.v Line: 44
Warning (10270): Verilog HDL Case Statement warning at controller.v(31): incomplete case statement has no default case item File: G:/University/Term 4/Lab Madman/2/Quartus/controller.v Line: 31
Info (10264): Verilog HDL Case Statement information at controller.v(31): all case item expressions in this case statement are onehot File: G:/University/Term 4/Lab Madman/2/Quartus/controller.v Line: 31
Info (13000): Registers with preset signals will power-up high File: G:/University/Term 4/Lab Madman/2/Quartus/counter_4bit_with_load.v Line: 11
Info (13003): DEV_CLRn pin will set, and not reset, register with preset signal due to NOT Gate Push-Back
Info (286030): Timing-Driven Synthesis is running
Info (17049): 3 registers lost all their fanouts during netlist optimizations.
Info (16010): Generating hard_block partition "hard_block:auto_generated_inst"
    Info (16011): Adding 0 node(s), including 0 DDIO, 0 PLL, 0 transceiver and 0 LCELL
Info (21057): Implemented 57 device resources after synthesis - the final resource count might be different
    Info (21058): Implemented 4 input pins
    Info (21059): Implemented 13 output pins
    Info (21061): Implemented 40 logic cells
Info: Quartus Prime Analysis & Synthesis was successful. 0 errors, 11 warnings
    Info: Peak virtual memory: 4834 megabytes
    Info: Processing ended: Fri May 03 23:08:26 2024
    Info: Elapsed time: 00:00:06
    Info: Total CPU time (on all processors): 00:00:04


